[debug] [2022-09-22T06:29:02.239Z] ----------------------------------------------------------------------
[debug] [2022-09-22T06:29:02.242Z] Command:       C:\Program Files\nodejs\node.exe C:\Users\kenbo\AppData\Roaming\npm\node_modules\firebase-tools\lib\bin\firebase.js emulators:start
[debug] [2022-09-22T06:29:02.244Z] CLI Version:   11.3.0
[debug] [2022-09-22T06:29:02.244Z] Platform:      win32
[debug] [2022-09-22T06:29:02.245Z] Node Version:  v16.16.0
[debug] [2022-09-22T06:29:02.251Z] Time:          Thu Sep 22 2022 14:29:02 GMT+0800 (Taipei Standard Time)
[debug] [2022-09-22T06:29:02.252Z] ----------------------------------------------------------------------
[debug] 
[debug] [2022-09-22T06:29:02.387Z] > command requires scopes: ["email","openid","https://www.googleapis.com/auth/cloudplatformprojects.readonly","https://www.googleapis.com/auth/firebase","https://www.googleapis.com/auth/cloud-platform"]
[debug] [2022-09-22T06:29:02.388Z] > authorizing via signed-in user (kenboy200@gmail.com)
[info] i  emulators: Starting emulators: functions, hosting {"metadata":{"emulator":{"name":"hub"},"message":"Starting emulators: functions, hosting"}}
[debug] [2022-09-22T06:29:02.483Z] [hub] writing locator at C:\Users\kenbo\AppData\Local\Temp\hub-motortrack-97569.json
[warn] !  functions: The following emulators are not running, calls to these services from the Functions emulator will affect production: auth, firestore, database, pubsub, storage {"metadata":{"emulator":{"name":"functions"},"message":"The following emulators are not running, calls to these services from the Functions emulator will affect production: \u001b[1mauth, firestore, database, pubsub, storage\u001b[22m"}}
[info] +  functions: Using node@16 from host. {"metadata":{"emulator":{"name":"functions"},"message":"Using node@16 from host."}}
[debug] [2022-09-22T06:29:02.591Z] defaultcredentials: writing to file C:\Users\kenbo\AppData\Roaming\firebase\kenboy200_gmail_com_application_default_credentials.json
[debug] [2022-09-22T06:29:02.598Z] Setting GAC to C:\Users\kenbo\AppData\Roaming\firebase\kenboy200_gmail_com_application_default_credentials.json {"metadata":{"emulator":{"name":"functions"},"message":"Setting GAC to C:\\Users\\kenbo\\AppData\\Roaming\\firebase\\kenboy200_gmail_com_application_default_credentials.json"}}
[debug] [2022-09-22T06:29:02.602Z] > refreshing access token with scopes: []
[debug] [2022-09-22T06:29:02.606Z] >>> [apiv2][query] POST https://www.googleapis.com/oauth2/v3/token [none]
[debug] [2022-09-22T06:29:02.607Z] >>> [apiv2][body] POST https://www.googleapis.com/oauth2/v3/token [omitted]
[debug] [2022-09-22T06:29:02.735Z] <<< [apiv2][status] POST https://www.googleapis.com/oauth2/v3/token 200
[debug] [2022-09-22T06:29:02.735Z] <<< [apiv2][body] POST https://www.googleapis.com/oauth2/v3/token [omitted]
[debug] [2022-09-22T06:29:02.749Z] >>> [apiv2][query] GET https://firebase.googleapis.com/v1beta1/projects/motortrack-97569/adminSdkConfig [none]
[debug] [2022-09-22T06:29:03.072Z] <<< [apiv2][status] GET https://firebase.googleapis.com/v1beta1/projects/motortrack-97569/adminSdkConfig 200
[debug] [2022-09-22T06:29:03.073Z] <<< [apiv2][body] GET https://firebase.googleapis.com/v1beta1/projects/motortrack-97569/adminSdkConfig {"projectId":"motortrack-97569","storageBucket":"motortrack-97569.appspot.com","locationId":"asia-east1"}
[debug] [2022-09-22T06:29:03.090Z] >>> [apiv2][query] GET https://firebasehosting.googleapis.com/v1beta1/projects/motortrack-97569/sites 
[debug] [2022-09-22T06:29:03.821Z] <<< [apiv2][status] GET https://firebasehosting.googleapis.com/v1beta1/projects/motortrack-97569/sites 200
[debug] [2022-09-22T06:29:03.821Z] <<< [apiv2][body] GET https://firebasehosting.googleapis.com/v1beta1/projects/motortrack-97569/sites {"sites":[{"name":"projects/motortrack-97569/sites/motortrack-97569","defaultUrl":"https://motortrack-97569.web.app","type":"DEFAULT_SITE"}]}
[debug] [2022-09-22T06:29:03.822Z] >>> [apiv2][query] GET https://firebase.googleapis.com/v1beta1/projects/motortrack-97569/webApps/-/config [none]
[debug] [2022-09-22T06:29:04.769Z] <<< [apiv2][status] GET https://firebase.googleapis.com/v1beta1/projects/motortrack-97569/webApps/-/config 200
[debug] [2022-09-22T06:29:04.770Z] <<< [apiv2][body] GET https://firebase.googleapis.com/v1beta1/projects/motortrack-97569/webApps/-/config {"projectId":"motortrack-97569","appId":"1:899173634521:web:24142760923e9cddfe09c8","storageBucket":"motortrack-97569.appspot.com","locationId":"asia-east1","apiKey":"AIzaSyDc2tuIBAOCWM1TcRwk8M5GMzBCDQAynKc","authDomain":"motortrack-97569.firebaseapp.com","messagingSenderId":"899173634521"}
[info] i  hosting: Serving hosting files from: build {"metadata":{"emulator":{"name":"hosting"},"message":"Serving hosting files from: \u001b[1mbuild\u001b[22m"}}
[info] +  hosting: Local server: http://localhost:5000 {"metadata":{"emulator":{"name":"hosting"},"message":"Local server: \u001b[4m\u001b[1mhttp://localhost:5000\u001b[22m\u001b[24m"}}
[debug] [2022-09-22T06:29:04.814Z] Ignoring unsupported arg: auto_download {"metadata":{"emulator":{"name":"ui"},"message":"Ignoring unsupported arg: auto_download"}}
[debug] [2022-09-22T06:29:04.815Z] Ignoring unsupported arg: port {"metadata":{"emulator":{"name":"ui"},"message":"Ignoring unsupported arg: port"}}
[debug] [2022-09-22T06:29:04.815Z] Starting Emulator UI with command {"binary":"node","args":["C:\\Users\\kenbo\\.cache\\firebase\\emulators\\ui-v1.8.1\\server\\server.js"],"optionalArgs":[],"joinArgs":false} {"metadata":{"emulator":{"name":"ui"},"message":"Starting Emulator UI with command {\"binary\":\"node\",\"args\":[\"C:\\\\Users\\\\kenbo\\\\.cache\\\\firebase\\\\emulators\\\\ui-v1.8.1\\\\server\\\\server.js\"],\"optionalArgs\":[],\"joinArgs\":false}"}}
[info] i  ui: Emulator UI logging to ui-debug.log {"metadata":{"emulator":{"name":"ui"},"message":"Emulator UI logging to \u001b[1mui-debug.log\u001b[22m"}}
[debug] [2022-09-22T06:29:05.074Z] Web / API server started at localhost:3001
 {"metadata":{"emulator":{"name":"ui"},"message":"Web / API server started at localhost:3001\n"}}
[info] i  functions: Watching "C:\Users\kenbo\Desktop\My Folder\appwork\project\motortrack-app\functions" for Cloud Functions... {"metadata":{"emulator":{"name":"functions"},"message":"Watching \"C:\\Users\\kenbo\\Desktop\\My Folder\\appwork\\project\\motortrack-app\\functions\" for Cloud Functions..."}}
[debug] [2022-09-22T06:29:05.095Z] Validating nodejs source
[warn] !  functions: package.json indicates an outdated version of firebase-functions. Please upgrade using npm install --save firebase-functions@latest in your functions directory. 
[debug] [2022-09-22T06:29:10.098Z] > [functions] package.json contents: {
  "name": "functions",
  "description": "Cloud Functions for Firebase",
  "scripts": {
    "serve": "firebase emulators:start --only functions",
    "shell": "firebase functions:shell",
    "start": "npm run shell",
    "deploy": "firebase deploy --only functions",
    "logs": "firebase functions:log"
  },
  "engines": {
    "node": "16"
  },
  "main": "index.js",
  "dependencies": {
    "axios": "^0.27.2",
    "cors": "^2.8.5",
    "firebase-admin": "^10.0.2",
    "firebase-functions": "^3.18.0",
    "google-auth-library": "^8.5.1",
    "googleapis": "^107.0.0",
    "moment": "^2.29.4"
  },
  "devDependencies": {
    "firebase-functions-test": "^0.2.0"
  },
  "private": true
}
[debug] [2022-09-22T06:29:10.098Z] Building nodejs source
[debug] [2022-09-22T06:29:10.099Z] Analyzing nodejs backend spec
[debug] [2022-09-22T06:29:10.101Z] Could not find functions.yaml. Must use http discovery
[debug] [2022-09-22T06:29:10.708Z] Serving at port 9005

[debug] [2022-09-22T06:29:14.368Z] Got response from /__/functions.yaml {"endpoints":{"scheduledFunction":{"platform":"gcfv1","scheduleTrigger":{"schedule":"every 1 hours from 08:00 to 09:00"},"labels":{},"entryPoint":"scheduledFunction"},"checkCarNotification":{"platform":"gcfv1","httpsTrigger":{},"entryPoint":"checkCarNotification"}},"specVersion":"v1alpha1","requiredAPIs":[{"api":"cloudscheduler.googleapis.com","reason":"Needed for scheduled functions."}]}
[debug] [2022-09-22T06:29:14.382Z] shutdown requested via /__/quitquitquit

[info] i  functions[us-central1-scheduledFunction]: function ignored because the pubsub emulator does not exist or is not running. {"metadata":{"emulator":{"name":"functions"},"message":"function ignored because the pubsub emulator does not exist or is not running."}}
[info] +  functions[us-central1-checkCarNotification]: http function initialized (http://localhost:5001/motortrack-97569/us-central1/checkCarNotification). {"metadata":{"emulator":{"name":"functions"},"message":"\u001b[1mhttp\u001b[22m function initialized (http://localhost:5001/motortrack-97569/us-central1/checkCarNotification)."}}
[info] 
┌─────────────────────────────────────────────────────────────┐
│ ✔  All emulators ready! It is now safe to connect your app. │
│ i  View Emulator UI at http://localhost:3001                │
└─────────────────────────────────────────────────────────────┘

┌───────────┬────────────────┬─────────────────────────────────┐
│ Emulator  │ Host:Port      │ View in Emulator UI             │
├───────────┼────────────────┼─────────────────────────────────┤
│ Functions │ localhost:5001 │ http://localhost:3001/functions │
├───────────┼────────────────┼─────────────────────────────────┤
│ Hosting   │ localhost:5000 │ n/a                             │
└───────────┴────────────────┴─────────────────────────────────┘
  Emulator Hub running at localhost:4400
  Other reserved ports: 4500

Issues? Report them at https://github.com/firebase/firebase-tools/issues and attach the *-debug.log files.
 
[debug] [2022-09-22T06:30:01.856Z] File C:\Users\kenbo\Desktop\My Folder\appwork\project\motortrack-app\functions\index.js changed, reloading triggers {"metadata":{"emulator":{"name":"functions"},"message":"File C:\\Users\\kenbo\\Desktop\\My Folder\\appwork\\project\\motortrack-app\\functions\\index.js changed, reloading triggers"}}
[debug] [2022-09-22T06:30:02.873Z] Validating nodejs source
[warn] !  functions: package.json indicates an outdated version of firebase-functions. Please upgrade using npm install --save firebase-functions@latest in your functions directory. 
[debug] [2022-09-22T06:30:08.450Z] > [functions] package.json contents: {
  "name": "functions",
  "description": "Cloud Functions for Firebase",
  "scripts": {
    "serve": "firebase emulators:start --only functions",
    "shell": "firebase functions:shell",
    "start": "npm run shell",
    "deploy": "firebase deploy --only functions",
    "logs": "firebase functions:log"
  },
  "engines": {
    "node": "16"
  },
  "main": "index.js",
  "dependencies": {
    "axios": "^0.27.2",
    "cors": "^2.8.5",
    "firebase-admin": "^10.0.2",
    "firebase-functions": "^3.18.0",
    "google-auth-library": "^8.5.1",
    "googleapis": "^107.0.0",
    "moment": "^2.29.4"
  },
  "devDependencies": {
    "firebase-functions-test": "^0.2.0"
  },
  "private": true
}
[debug] [2022-09-22T06:30:08.450Z] Building nodejs source
[debug] [2022-09-22T06:30:08.451Z] Analyzing nodejs backend spec
[debug] [2022-09-22T06:30:08.453Z] Could not find functions.yaml. Must use http discovery
[debug] [2022-09-22T06:30:08.978Z] Serving at port 9005

[debug] [2022-09-22T06:30:11.317Z] Got response from /__/functions.yaml {"endpoints":{"scheduledFunction":{"platform":"gcfv1","scheduleTrigger":{"schedule":"every 1 hours from 08:00 to 09:00"},"labels":{},"entryPoint":"scheduledFunction"},"checkCarNotification":{"platform":"gcfv1","httpsTrigger":{},"entryPoint":"checkCarNotification"}},"specVersion":"v1alpha1","requiredAPIs":[{"api":"cloudscheduler.googleapis.com","reason":"Needed for scheduled functions."}]}
[debug] [2022-09-22T06:30:11.324Z] shutdown requested via /__/quitquitquit

[debug] [2022-09-22T06:30:14.121Z] [work-queue] {"queueLength":1,"workRunningCount":0}
[debug] [2022-09-22T06:30:14.121Z] [work-queue] {"queueLength":0,"workRunningCount":1}
[debug] [2022-09-22T06:30:14.121Z] Accepted request GET /motortrack-97569/us-central1/checkCarNotification --> us-central1-checkCarNotification
[debug] [2022-09-22T06:30:14.136Z] [worker-pool] addWorker(us-central1-checkCarNotification) {"metadata":{"emulator":{"name":"functions"},"message":"[worker-pool] addWorker(us-central1-checkCarNotification)"}}
[debug] [2022-09-22T06:30:14.136Z] [worker-pool] Adding worker with key us-central1-checkCarNotification, total=1 {"metadata":{"emulator":{"name":"functions"},"message":"[worker-pool] Adding worker with key us-central1-checkCarNotification, total=1"}}
[debug] [2022-09-22T06:30:14.136Z] [worker-pool] submitWork(triggerId=us-central1-checkCarNotification) {"metadata":{"emulator":{"name":"functions"},"message":"[worker-pool] submitWork(triggerId=us-central1-checkCarNotification)"}}
[debug] [2022-09-22T06:30:14.137Z] [worker-us-central1-checkCarNotification-c4f9fc49-5e4f-4050-b1c3-9f2d7006fd94]: BUSY {"metadata":{"emulator":{"name":"functions"},"message":"[worker-us-central1-checkCarNotification-c4f9fc49-5e4f-4050-b1c3-9f2d7006fd94]: BUSY"}}
[debug] [2022-09-22T06:30:16.023Z] [runtime-status] [10044] Resolved module firebase-admin {"declared":true,"installed":true,"version":"10.3.0","resolution":"C:\\Users\\kenbo\\Desktop\\My Folder\\appwork\\project\\motortrack-app\\functions\\node_modules\\firebase-admin\\lib\\index.js"} {"metadata":{"emulator":{"name":"functions"},"function":{"name":"us-central1-checkCarNotification"},"extension":{},"message":"[runtime-status] [10044] Resolved module firebase-admin {\"declared\":true,\"installed\":true,\"version\":\"10.3.0\",\"resolution\":\"C:\\\\Users\\\\kenbo\\\\Desktop\\\\My Folder\\\\appwork\\\\project\\\\motortrack-app\\\\functions\\\\node_modules\\\\firebase-admin\\\\lib\\\\index.js\"}"}}
[debug] [2022-09-22T06:30:16.024Z] [runtime-status] [10044] Resolved module firebase-functions {"declared":true,"installed":true,"version":"3.23.0","resolution":"C:\\Users\\kenbo\\Desktop\\My Folder\\appwork\\project\\motortrack-app\\functions\\node_modules\\firebase-functions\\lib\\index.js"} {"metadata":{"emulator":{"name":"functions"},"function":{"name":"us-central1-checkCarNotification"},"extension":{},"message":"[runtime-status] [10044] Resolved module firebase-functions {\"declared\":true,\"installed\":true,\"version\":\"3.23.0\",\"resolution\":\"C:\\\\Users\\\\kenbo\\\\Desktop\\\\My Folder\\\\appwork\\\\project\\\\motortrack-app\\\\functions\\\\node_modules\\\\firebase-functions\\\\lib\\\\index.js\"}"}}
[debug] [2022-09-22T06:30:16.025Z] [runtime-status] [10044] Outgoing network have been stubbed. [{"name":"http","status":"mocked"},{"name":"http","status":"mocked"},{"name":"https","status":"mocked"},{"name":"https","status":"mocked"},{"name":"net","status":"mocked"}] {"metadata":{"emulator":{"name":"functions"},"function":{"name":"us-central1-checkCarNotification"},"extension":{},"message":"[runtime-status] [10044] Outgoing network have been stubbed. [{\"name\":\"http\",\"status\":\"mocked\"},{\"name\":\"http\",\"status\":\"mocked\"},{\"name\":\"https\",\"status\":\"mocked\"},{\"name\":\"https\",\"status\":\"mocked\"},{\"name\":\"net\",\"status\":\"mocked\"}]"}}
[debug] [2022-09-22T06:30:16.025Z] [runtime-status] [10044] Resolved module firebase-functions {"declared":true,"installed":true,"version":"3.23.0","resolution":"C:\\Users\\kenbo\\Desktop\\My Folder\\appwork\\project\\motortrack-app\\functions\\node_modules\\firebase-functions\\lib\\index.js"} {"metadata":{"emulator":{"name":"functions"},"function":{"name":"us-central1-checkCarNotification"},"extension":{},"message":"[runtime-status] [10044] Resolved module firebase-functions {\"declared\":true,\"installed\":true,\"version\":\"3.23.0\",\"resolution\":\"C:\\\\Users\\\\kenbo\\\\Desktop\\\\My Folder\\\\appwork\\\\project\\\\motortrack-app\\\\functions\\\\node_modules\\\\firebase-functions\\\\lib\\\\index.js\"}"}}
[debug] [2022-09-22T06:30:16.085Z] [runtime-status] [10044] Checked functions.config() {"config":{}} {"metadata":{"emulator":{"name":"functions"},"function":{"name":"us-central1-checkCarNotification"},"extension":{},"message":"[runtime-status] [10044] Checked functions.config() {\"config\":{}}"}}
[debug] [2022-09-22T06:30:16.086Z] [runtime-status] [10044] firebase-functions has been stubbed. {"functionsResolution":{"declared":true,"installed":true,"version":"3.23.0","resolution":"C:\\Users\\kenbo\\Desktop\\My Folder\\appwork\\project\\motortrack-app\\functions\\node_modules\\firebase-functions\\lib\\index.js"}} {"metadata":{"emulator":{"name":"functions"},"function":{"name":"us-central1-checkCarNotification"},"extension":{},"message":"[runtime-status] [10044] firebase-functions has been stubbed. {\"functionsResolution\":{\"declared\":true,\"installed\":true,\"version\":\"3.23.0\",\"resolution\":\"C:\\\\Users\\\\kenbo\\\\Desktop\\\\My Folder\\\\appwork\\\\project\\\\motortrack-app\\\\functions\\\\node_modules\\\\firebase-functions\\\\lib\\\\index.js\"}}"}}
[debug] [2022-09-22T06:30:16.087Z] [runtime-status] [10044] Resolved module firebase-functions {"declared":true,"installed":true,"version":"3.23.0","resolution":"C:\\Users\\kenbo\\Desktop\\My Folder\\appwork\\project\\motortrack-app\\functions\\node_modules\\firebase-functions\\lib\\index.js"} {"metadata":{"emulator":{"name":"functions"},"function":{"name":"us-central1-checkCarNotification"},"extension":{},"message":"[runtime-status] [10044] Resolved module firebase-functions {\"declared\":true,\"installed\":true,\"version\":\"3.23.0\",\"resolution\":\"C:\\\\Users\\\\kenbo\\\\Desktop\\\\My Folder\\\\appwork\\\\project\\\\motortrack-app\\\\functions\\\\node_modules\\\\firebase-functions\\\\lib\\\\index.js\"}"}}
[debug] [2022-09-22T06:30:16.089Z] [runtime-status] [10044] Resolved module firebase-admin {"declared":true,"installed":true,"version":"10.3.0","resolution":"C:\\Users\\kenbo\\Desktop\\My Folder\\appwork\\project\\motortrack-app\\functions\\node_modules\\firebase-admin\\lib\\index.js"} {"metadata":{"emulator":{"name":"functions"},"function":{"name":"us-central1-checkCarNotification"},"extension":{},"message":"[runtime-status] [10044] Resolved module firebase-admin {\"declared\":true,\"installed\":true,\"version\":\"10.3.0\",\"resolution\":\"C:\\\\Users\\\\kenbo\\\\Desktop\\\\My Folder\\\\appwork\\\\project\\\\motortrack-app\\\\functions\\\\node_modules\\\\firebase-admin\\\\lib\\\\index.js\"}"}}
[debug] [2022-09-22T06:30:16.090Z] [runtime-status] [10044] Resolved module firebase-functions {"declared":true,"installed":true,"version":"3.23.0","resolution":"C:\\Users\\kenbo\\Desktop\\My Folder\\appwork\\project\\motortrack-app\\functions\\node_modules\\firebase-functions\\lib\\index.js"} {"metadata":{"emulator":{"name":"functions"},"function":{"name":"us-central1-checkCarNotification"},"extension":{},"message":"[runtime-status] [10044] Resolved module firebase-functions {\"declared\":true,\"installed\":true,\"version\":\"3.23.0\",\"resolution\":\"C:\\\\Users\\\\kenbo\\\\Desktop\\\\My Folder\\\\appwork\\\\project\\\\motortrack-app\\\\functions\\\\node_modules\\\\firebase-functions\\\\lib\\\\index.js\"}"}}
[debug] [2022-09-22T06:30:16.091Z] [runtime-status] [10044] firebase-admin has been stubbed. {"adminResolution":{"declared":true,"installed":true,"version":"10.3.0","resolution":"C:\\Users\\kenbo\\Desktop\\My Folder\\appwork\\project\\motortrack-app\\functions\\node_modules\\firebase-admin\\lib\\index.js"}} {"metadata":{"emulator":{"name":"functions"},"function":{"name":"us-central1-checkCarNotification"},"extension":{},"message":"[runtime-status] [10044] firebase-admin has been stubbed. {\"adminResolution\":{\"declared\":true,\"installed\":true,\"version\":\"10.3.0\",\"resolution\":\"C:\\\\Users\\\\kenbo\\\\Desktop\\\\My Folder\\\\appwork\\\\project\\\\motortrack-app\\\\functions\\\\node_modules\\\\firebase-admin\\\\lib\\\\index.js\"}}"}}
[debug] [2022-09-22T06:30:16.091Z] [runtime-status] [10044] Functions runtime initialized. {"cwd":"C:\\Users\\kenbo\\Desktop\\My Folder\\appwork\\project\\motortrack-app\\functions","node_version":"16.16.0"} {"metadata":{"emulator":{"name":"functions"},"function":{"name":"us-central1-checkCarNotification"},"extension":{},"message":"[runtime-status] [10044] Functions runtime initialized. {\"cwd\":\"C:\\\\Users\\\\kenbo\\\\Desktop\\\\My Folder\\\\appwork\\\\project\\\\motortrack-app\\\\functions\",\"node_version\":\"16.16.0\"}"}}
[debug] [2022-09-22T06:30:17.516Z] [runtime-status] [10044] Beginning invocation function checkCarNotification! {"metadata":{"emulator":{"name":"functions"},"function":{"name":"us-central1-checkCarNotification"},"extension":{},"message":"[runtime-status] [10044] Beginning invocation function checkCarNotification!"}}
[info] i  functions: Beginning execution of "checkCarNotification" {"metadata":{"emulator":{"name":"functions"},"function":{"name":"us-central1-checkCarNotification"},"extension":{},"message":"Beginning execution of \"checkCarNotification\""}}
[debug] [2022-09-22T06:30:17.517Z] [runtime-status] [10044] Running checkCarNotification in signature http {"metadata":{"emulator":{"name":"functions"},"function":{"name":"us-central1-checkCarNotification"},"extension":{},"message":"[runtime-status] [10044] Running checkCarNotification in signature http"}}
[debug] [2022-09-22T06:30:17.522Z] [runtime-status] [10044] Attempting to listen to port: \\?\pipe\fire_emu_a68bc665cc2bd87f {"metadata":{"emulator":{"name":"functions"},"function":{"name":"us-central1-checkCarNotification"},"extension":{},"message":"[runtime-status] [10044] Attempting to listen to port: \\\\?\\pipe\\fire_emu_a68bc665cc2bd87f"}}
[debug] [2022-09-22T06:30:17.635Z] [functions] Runtime ready! Sending request! {"metadata":{"emulator":{"name":"functions"},"message":"[functions] Runtime ready! Sending request!"}}
[debug] [2022-09-22T06:30:17.635Z] [functions] Got req.url=/motortrack-97569/us-central1/checkCarNotification, mapping to path=/ {"metadata":{"emulator":{"name":"functions"},"message":"[functions] Got req.url=/motortrack-97569/us-central1/checkCarNotification, mapping to path=/"}}
[debug] [2022-09-22T06:30:17.638Z] [runtime-status] [10044] Ephemeral server handling GET request {"metadata":{"emulator":{"name":"functions"},"function":{"name":"us-central1-checkCarNotification"},"extension":{},"message":"[runtime-status] [10044] Ephemeral server handling GET request"}}
[debug] [2022-09-22T06:30:17.747Z] Functions emulator received unknown request at path /favicon.ico
[info] i  functions: Finished "checkCarNotification" in ~1s {"metadata":{"emulator":{"name":"functions"},"function":{"name":"us-central1-checkCarNotification"},"extension":{},"message":"Finished \"checkCarNotification\" in ~1s"}}
[debug] [2022-09-22T06:30:18.419Z] [worker-us-central1-checkCarNotification-c4f9fc49-5e4f-4050-b1c3-9f2d7006fd94]: IDLE {"metadata":{"emulator":{"name":"functions"},"message":"[worker-us-central1-checkCarNotification-c4f9fc49-5e4f-4050-b1c3-9f2d7006fd94]: IDLE"}}
[debug] [2022-09-22T06:30:18.420Z] [work-queue] {"queueLength":0,"workRunningCount":0}
[warn] !  Google API requested!
   - URL: "https://www.googleapis.com/oauth2/v4/token"
   - Be careful, this may be a production service. {"metadata":{"emulator":{"name":"functions"},"function":{"name":"us-central1-checkCarNotification"},"extension":{},"message":"Google API requested!\n   - URL: \"https://www.googleapis.com/oauth2/v4/token\"\n   - Be careful, this may be a production service."}}
[debug] [2022-09-22T06:30:19.366Z] [runtime-status] [10044] Ephemeral server survived. {"metadata":{"emulator":{"name":"functions"},"function":{"name":"us-central1-checkCarNotification"},"extension":{},"message":"[runtime-status] [10044] Ephemeral server survived."}}
[info] >  {"severity":"INFO","message":"ya29.c.b0AUFJQsG0eYLuRkAaWpuCiyZzNwBy2LgqxfZfNkwG4dHWg3t1W1Zrw3ktf-wYjxr7wxAE-FD_O5au4KFNnkpfpmGuaoFTbeWjkyVTtpSB8S6hYopbq2Xc3WjPqE_wx43Z5z0WGgatuXaCa1hjEEeqwHlveS0L7X4s-tfnPviEArub2PTA__bWb0gR6jsNl7umPXrr9AQWTz9jOCRm4VHSSGJ1vNpNjNM........................................................................................................................................................................................................................................................................................................................................................................................................................................................................................................................................................................................................................................................................................................................................................................................................................"} {"user":{"severity":"INFO","message":"ya29.c.b0AUFJQsG0eYLuRkAaWpuCiyZzNwBy2LgqxfZfNkwG4dHWg3t1W1Zrw3ktf-wYjxr7wxAE-FD_O5au4KFNnkpfpmGuaoFTbeWjkyVTtpSB8S6hYopbq2Xc3WjPqE_wx43Z5z0WGgatuXaCa1hjEEeqwHlveS0L7X4s-tfnPviEArub2PTA__bWb0gR6jsNl7umPXrr9AQWTz9jOCRm4VHSSGJ1vNpNjNM........................................................................................................................................................................................................................................................................................................................................................................................................................................................................................................................................................................................................................................................................................................................................................................................................................"},"metadata":{"emulator":{"name":"functions"},"function":{"name":"us-central1-checkCarNotification"},"extension":{},"message":"\u001b[90m> \u001b[39m {\"severity\":\"INFO\",\"message\":\"ya29.c.b0AUFJQsG0eYLuRkAaWpuCiyZzNwBy2LgqxfZfNkwG4dHWg3t1W1Zrw3ktf-wYjxr7wxAE-FD_O5au4KFNnkpfpmGuaoFTbeWjkyVTtpSB8S6hYopbq2Xc3WjPqE_wx43Z5z0WGgatuXaCa1hjEEeqwHlveS0L7X4s-tfnPviEArub2PTA__bWb0gR6jsNl7umPXrr9AQWTz9jOCRm4VHSSGJ1vNpNjNM........................................................................................................................................................................................................................................................................................................................................................................................................................................................................................................................................................................................................................................................................................................................................................................................................................\"}"}}
[info] >  {"severity":"INFO","message":"Message sent to Firebase for delivery, response:"} {"user":{"severity":"INFO","message":"Message sent to Firebase for delivery, response:"},"metadata":{"emulator":{"name":"functions"},"function":{"name":"us-central1-checkCarNotification"},"extension":{},"message":"\u001b[90m> \u001b[39m {\"severity\":\"INFO\",\"message\":\"Message sent to Firebase for delivery, response:\"}"}}
[info] >  {"severity":"INFO","message":"{\n  \"name\": \"projects/motortrack-97569/messages/71ede416-af82-43d7-9fee-f0ee9667b452\"\n}\n"} {"user":{"severity":"INFO","message":"{\n  \"name\": \"projects/motortrack-97569/messages/71ede416-af82-43d7-9fee-f0ee9667b452\"\n}\n"},"metadata":{"emulator":{"name":"functions"},"function":{"name":"us-central1-checkCarNotification"},"extension":{},"message":"\u001b[90m> \u001b[39m {\"severity\":\"INFO\",\"message\":\"{\\n  \\\"name\\\": \\\"projects/motortrack-97569/messages/71ede416-af82-43d7-9fee-f0ee9667b452\\\"\\n}\\n\"}"}}
[debug] [2022-09-22T06:33:14.018Z] [work-queue] {"queueLength":1,"workRunningCount":0}
[debug] [2022-09-22T06:33:14.018Z] [work-queue] {"queueLength":0,"workRunningCount":1}
[debug] [2022-09-22T06:33:14.018Z] Accepted request GET /motortrack-97569/us-central1/checkCarNotification --> us-central1-checkCarNotification
[debug] [2022-09-22T06:33:14.018Z] [worker-pool] submitWork(triggerId=us-central1-checkCarNotification) {"metadata":{"emulator":{"name":"functions"},"message":"[worker-pool] submitWork(triggerId=us-central1-checkCarNotification)"}}
[debug] [2022-09-22T06:33:14.018Z] [worker-us-central1-checkCarNotification-c4f9fc49-5e4f-4050-b1c3-9f2d7006fd94]: BUSY {"metadata":{"emulator":{"name":"functions"},"message":"[worker-us-central1-checkCarNotification-c4f9fc49-5e4f-4050-b1c3-9f2d7006fd94]: BUSY"}}
[debug] [2022-09-22T06:33:14.019Z] [runtime-status] [10044] Beginning invocation function checkCarNotification! {"metadata":{"emulator":{"name":"functions"},"function":{"name":"us-central1-checkCarNotification"},"extension":{},"message":"[runtime-status] [10044] Beginning invocation function checkCarNotification!"}}
[info] i  functions: Beginning execution of "checkCarNotification" {"metadata":{"emulator":{"name":"functions"},"function":{"name":"us-central1-checkCarNotification"},"extension":{},"message":"Beginning execution of \"checkCarNotification\""}}
[debug] [2022-09-22T06:33:14.019Z] [runtime-status] [10044] Running checkCarNotification in signature http {"metadata":{"emulator":{"name":"functions"},"function":{"name":"us-central1-checkCarNotification"},"extension":{},"message":"[runtime-status] [10044] Running checkCarNotification in signature http"}}
[debug] [2022-09-22T06:33:14.020Z] [runtime-status] [10044] Attempting to listen to port: \\?\pipe\fire_emu_a68bc665cc2bd87f {"metadata":{"emulator":{"name":"functions"},"function":{"name":"us-central1-checkCarNotification"},"extension":{},"message":"[runtime-status] [10044] Attempting to listen to port: \\\\?\\pipe\\fire_emu_a68bc665cc2bd87f"}}
[debug] [2022-09-22T06:33:14.129Z] [functions] Runtime ready! Sending request! {"metadata":{"emulator":{"name":"functions"},"message":"[functions] Runtime ready! Sending request!"}}
[debug] [2022-09-22T06:33:14.130Z] [functions] Got req.url=/motortrack-97569/us-central1/checkCarNotification, mapping to path=/ {"metadata":{"emulator":{"name":"functions"},"message":"[functions] Got req.url=/motortrack-97569/us-central1/checkCarNotification, mapping to path=/"}}
[debug] [2022-09-22T06:33:14.131Z] [runtime-status] [10044] Ephemeral server handling GET request {"metadata":{"emulator":{"name":"functions"},"function":{"name":"us-central1-checkCarNotification"},"extension":{},"message":"[runtime-status] [10044] Ephemeral server handling GET request"}}
[info] i  functions: Finished "checkCarNotification" in ~1s {"metadata":{"emulator":{"name":"functions"},"function":{"name":"us-central1-checkCarNotification"},"extension":{},"message":"Finished \"checkCarNotification\" in ~1s"}}
[debug] [2022-09-22T06:33:14.135Z] [worker-us-central1-checkCarNotification-c4f9fc49-5e4f-4050-b1c3-9f2d7006fd94]: IDLE {"metadata":{"emulator":{"name":"functions"},"message":"[worker-us-central1-checkCarNotification-c4f9fc49-5e4f-4050-b1c3-9f2d7006fd94]: IDLE"}}
[debug] [2022-09-22T06:33:14.135Z] [work-queue] {"queueLength":0,"workRunningCount":0}
[debug] [2022-09-22T06:33:14.310Z] [runtime-status] [10044] Ephemeral server survived. {"metadata":{"emulator":{"name":"functions"},"function":{"name":"us-central1-checkCarNotification"},"extension":{},"message":"[runtime-status] [10044] Ephemeral server survived."}}
[info] >  {"severity":"INFO","message":"ya29.c.b0AUFJQsEIUVD4Mg1XU_M4yEz4vKL-47S48Zfi53FXsVr5fxTbQd2-uX-MDHkeSOcl_v6IRQUJRWkmiYUukKkntlXYeBIxD5pu1uWV8uWJf5Mdp98XGb8DLw62UAbIFVER9blKamJXLcE6rMPtOGIqsVEoTT18-XLAIH-lprrzxP_cdm_VOtqWF8pq9aEWJyyVMhg-9h72U8DEOfQDvtY-lp_reHVPjJE........................................................................................................................................................................................................................................................................................................................................................................................................................................................................................................................................................................................................................................................................................................................................................................................................................"} {"user":{"severity":"INFO","message":"ya29.c.b0AUFJQsEIUVD4Mg1XU_M4yEz4vKL-47S48Zfi53FXsVr5fxTbQd2-uX-MDHkeSOcl_v6IRQUJRWkmiYUukKkntlXYeBIxD5pu1uWV8uWJf5Mdp98XGb8DLw62UAbIFVER9blKamJXLcE6rMPtOGIqsVEoTT18-XLAIH-lprrzxP_cdm_VOtqWF8pq9aEWJyyVMhg-9h72U8DEOfQDvtY-lp_reHVPjJE........................................................................................................................................................................................................................................................................................................................................................................................................................................................................................................................................................................................................................................................................................................................................................................................................................"},"metadata":{"emulator":{"name":"functions"},"function":{"name":"us-central1-checkCarNotification"},"extension":{},"message":"\u001b[90m> \u001b[39m {\"severity\":\"INFO\",\"message\":\"ya29.c.b0AUFJQsEIUVD4Mg1XU_M4yEz4vKL-47S48Zfi53FXsVr5fxTbQd2-uX-MDHkeSOcl_v6IRQUJRWkmiYUukKkntlXYeBIxD5pu1uWV8uWJf5Mdp98XGb8DLw62UAbIFVER9blKamJXLcE6rMPtOGIqsVEoTT18-XLAIH-lprrzxP_cdm_VOtqWF8pq9aEWJyyVMhg-9h72U8DEOfQDvtY-lp_reHVPjJE........................................................................................................................................................................................................................................................................................................................................................................................................................................................................................................................................................................................................................................................................................................................................................................................................................\"}"}}
[info] >  {"severity":"INFO","message":"Message sent to Firebase for delivery, response:"} {"user":{"severity":"INFO","message":"Message sent to Firebase for delivery, response:"},"metadata":{"emulator":{"name":"functions"},"function":{"name":"us-central1-checkCarNotification"},"extension":{},"message":"\u001b[90m> \u001b[39m {\"severity\":\"INFO\",\"message\":\"Message sent to Firebase for delivery, response:\"}"}}
[info] >  {"severity":"INFO","message":"{\n  \"name\": \"projects/motortrack-97569/messages/ebb08071-c5c8-44d9-bbce-da6a1323ff79\"\n}\n"} {"user":{"severity":"INFO","message":"{\n  \"name\": \"projects/motortrack-97569/messages/ebb08071-c5c8-44d9-bbce-da6a1323ff79\"\n}\n"},"metadata":{"emulator":{"name":"functions"},"function":{"name":"us-central1-checkCarNotification"},"extension":{},"message":"\u001b[90m> \u001b[39m {\"severity\":\"INFO\",\"message\":\"{\\n  \\\"name\\\": \\\"projects/motortrack-97569/messages/ebb08071-c5c8-44d9-bbce-da6a1323ff79\\\"\\n}\\n\"}"}}
[debug] [2022-09-22T06:41:53.448Z] [work-queue] {"queueLength":1,"workRunningCount":0}
[debug] [2022-09-22T06:41:53.449Z] [work-queue] {"queueLength":0,"workRunningCount":1}
[debug] [2022-09-22T06:41:53.449Z] Accepted request GET /motortrack-97569/us-central1/checkCarNotification --> us-central1-checkCarNotification
[debug] [2022-09-22T06:41:53.449Z] [worker-pool] submitWork(triggerId=us-central1-checkCarNotification) {"metadata":{"emulator":{"name":"functions"},"message":"[worker-pool] submitWork(triggerId=us-central1-checkCarNotification)"}}
[debug] [2022-09-22T06:41:53.449Z] [worker-us-central1-checkCarNotification-c4f9fc49-5e4f-4050-b1c3-9f2d7006fd94]: BUSY {"metadata":{"emulator":{"name":"functions"},"message":"[worker-us-central1-checkCarNotification-c4f9fc49-5e4f-4050-b1c3-9f2d7006fd94]: BUSY"}}
[debug] [2022-09-22T06:41:53.451Z] [runtime-status] [10044] Beginning invocation function checkCarNotification! {"metadata":{"emulator":{"name":"functions"},"function":{"name":"us-central1-checkCarNotification"},"extension":{},"message":"[runtime-status] [10044] Beginning invocation function checkCarNotification!"}}
[info] i  functions: Beginning execution of "checkCarNotification" {"metadata":{"emulator":{"name":"functions"},"function":{"name":"us-central1-checkCarNotification"},"extension":{},"message":"Beginning execution of \"checkCarNotification\""}}
[debug] [2022-09-22T06:41:53.452Z] [runtime-status] [10044] Running checkCarNotification in signature http {"metadata":{"emulator":{"name":"functions"},"function":{"name":"us-central1-checkCarNotification"},"extension":{},"message":"[runtime-status] [10044] Running checkCarNotification in signature http"}}
[debug] [2022-09-22T06:41:53.453Z] [runtime-status] [10044] Attempting to listen to port: \\?\pipe\fire_emu_a68bc665cc2bd87f {"metadata":{"emulator":{"name":"functions"},"function":{"name":"us-central1-checkCarNotification"},"extension":{},"message":"[runtime-status] [10044] Attempting to listen to port: \\\\?\\pipe\\fire_emu_a68bc665cc2bd87f"}}
[debug] [2022-09-22T06:41:53.556Z] [functions] Runtime ready! Sending request! {"metadata":{"emulator":{"name":"functions"},"message":"[functions] Runtime ready! Sending request!"}}
[debug] [2022-09-22T06:41:53.556Z] [functions] Got req.url=/motortrack-97569/us-central1/checkCarNotification, mapping to path=/ {"metadata":{"emulator":{"name":"functions"},"message":"[functions] Got req.url=/motortrack-97569/us-central1/checkCarNotification, mapping to path=/"}}
[debug] [2022-09-22T06:41:53.559Z] [runtime-status] [10044] Ephemeral server handling GET request {"metadata":{"emulator":{"name":"functions"},"function":{"name":"us-central1-checkCarNotification"},"extension":{},"message":"[runtime-status] [10044] Ephemeral server handling GET request"}}
[info] i  functions: Finished "checkCarNotification" in ~1s {"metadata":{"emulator":{"name":"functions"},"function":{"name":"us-central1-checkCarNotification"},"extension":{},"message":"Finished \"checkCarNotification\" in ~1s"}}
[debug] [2022-09-22T06:41:53.573Z] [worker-us-central1-checkCarNotification-c4f9fc49-5e4f-4050-b1c3-9f2d7006fd94]: IDLE {"metadata":{"emulator":{"name":"functions"},"message":"[worker-us-central1-checkCarNotification-c4f9fc49-5e4f-4050-b1c3-9f2d7006fd94]: IDLE"}}
[debug] [2022-09-22T06:41:53.573Z] [work-queue] {"queueLength":0,"workRunningCount":0}
[debug] [2022-09-22T06:41:54.988Z] [runtime-status] [10044] Ephemeral server survived. {"metadata":{"emulator":{"name":"functions"},"function":{"name":"us-central1-checkCarNotification"},"extension":{},"message":"[runtime-status] [10044] Ephemeral server survived."}}
[info] >  {"severity":"INFO","message":"ya29.c.b0AUFJQsGdCzzgUZya-6Ww4xPNEPEO7wxs1L8FPO5TDhy6exRq33eN0Arm3JQkQO_lnNQwrsM6xuA_rpjFxRqfj_0bZyVWh2ktGJEYQkeftdOHiesnm2aQAbEINMl2HIIMGVOugkkeAbAHiZTG0rzTl45ukvWNlVdtrOdpCovOP53d81SMzpEi93Epst31ZQdnfKguNsC9opesV4KEV91x6bfyCvVvKNQ........................................................................................................................................................................................................................................................................................................................................................................................................................................................................................................................................................................................................................................................................................................................................................................................................................"} {"user":{"severity":"INFO","message":"ya29.c.b0AUFJQsGdCzzgUZya-6Ww4xPNEPEO7wxs1L8FPO5TDhy6exRq33eN0Arm3JQkQO_lnNQwrsM6xuA_rpjFxRqfj_0bZyVWh2ktGJEYQkeftdOHiesnm2aQAbEINMl2HIIMGVOugkkeAbAHiZTG0rzTl45ukvWNlVdtrOdpCovOP53d81SMzpEi93Epst31ZQdnfKguNsC9opesV4KEV91x6bfyCvVvKNQ........................................................................................................................................................................................................................................................................................................................................................................................................................................................................................................................................................................................................................................................................................................................................................................................................................"},"metadata":{"emulator":{"name":"functions"},"function":{"name":"us-central1-checkCarNotification"},"extension":{},"message":"\u001b[90m> \u001b[39m {\"severity\":\"INFO\",\"message\":\"ya29.c.b0AUFJQsGdCzzgUZya-6Ww4xPNEPEO7wxs1L8FPO5TDhy6exRq33eN0Arm3JQkQO_lnNQwrsM6xuA_rpjFxRqfj_0bZyVWh2ktGJEYQkeftdOHiesnm2aQAbEINMl2HIIMGVOugkkeAbAHiZTG0rzTl45ukvWNlVdtrOdpCovOP53d81SMzpEi93Epst31ZQdnfKguNsC9opesV4KEV91x6bfyCvVvKNQ........................................................................................................................................................................................................................................................................................................................................................................................................................................................................................................................................................................................................................................................................................................................................................................................................................\"}"}}
[info] >  {"severity":"INFO","message":"ya29.c.b0AUFJQsGdCzzgUZya-6Ww4xPNEPEO7wxs1L8FPO5TDhy6exRq33eN0Arm3JQkQO_lnNQwrsM6xuA_rpjFxRqfj_0bZyVWh2ktGJEYQkeftdOHiesnm2aQAbEINMl2HIIMGVOugkkeAbAHiZTG0rzTl45ukvWNlVdtrOdpCovOP53d81SMzpEi93Epst31ZQdnfKguNsC9opesV4KEV91x6bfyCvVvKNQ........................................................................................................................................................................................................................................................................................................................................................................................................................................................................................................................................................................................................................................................................................................................................................................................................................"} {"user":{"severity":"INFO","message":"ya29.c.b0AUFJQsGdCzzgUZya-6Ww4xPNEPEO7wxs1L8FPO5TDhy6exRq33eN0Arm3JQkQO_lnNQwrsM6xuA_rpjFxRqfj_0bZyVWh2ktGJEYQkeftdOHiesnm2aQAbEINMl2HIIMGVOugkkeAbAHiZTG0rzTl45ukvWNlVdtrOdpCovOP53d81SMzpEi93Epst31ZQdnfKguNsC9opesV4KEV91x6bfyCvVvKNQ........................................................................................................................................................................................................................................................................................................................................................................................................................................................................................................................................................................................................................................................................................................................................................................................................................"},"metadata":{"emulator":{"name":"functions"},"function":{"name":"us-central1-checkCarNotification"},"extension":{},"message":"\u001b[90m> \u001b[39m {\"severity\":\"INFO\",\"message\":\"ya29.c.b0AUFJQsGdCzzgUZya-6Ww4xPNEPEO7wxs1L8FPO5TDhy6exRq33eN0Arm3JQkQO_lnNQwrsM6xuA_rpjFxRqfj_0bZyVWh2ktGJEYQkeftdOHiesnm2aQAbEINMl2HIIMGVOugkkeAbAHiZTG0rzTl45ukvWNlVdtrOdpCovOP53d81SMzpEi93Epst31ZQdnfKguNsC9opesV4KEV91x6bfyCvVvKNQ........................................................................................................................................................................................................................................................................................................................................................................................................................................................................................................................................................................................................................................................................................................................................................................................................................\"}"}}
[info] >  {"severity":"INFO","message":"Message sent to Firebase for delivery, response:"} {"user":{"severity":"INFO","message":"Message sent to Firebase for delivery, response:"},"metadata":{"emulator":{"name":"functions"},"function":{"name":"us-central1-checkCarNotification"},"extension":{},"message":"\u001b[90m> \u001b[39m {\"severity\":\"INFO\",\"message\":\"Message sent to Firebase for delivery, response:\"}"}}
[info] >  {"severity":"INFO","message":"{\n  \"name\": \"projects/motortrack-97569/messages/b8e1c3dd-5b82-42b7-96cc-148a8e1ade77\"\n}\n"} {"user":{"severity":"INFO","message":"{\n  \"name\": \"projects/motortrack-97569/messages/b8e1c3dd-5b82-42b7-96cc-148a8e1ade77\"\n}\n"},"metadata":{"emulator":{"name":"functions"},"function":{"name":"us-central1-checkCarNotification"},"extension":{},"message":"\u001b[90m> \u001b[39m {\"severity\":\"INFO\",\"message\":\"{\\n  \\\"name\\\": \\\"projects/motortrack-97569/messages/b8e1c3dd-5b82-42b7-96cc-148a8e1ade77\\\"\\n}\\n\"}"}}
[info] >  {"severity":"INFO","message":"Message sent to Firebase for delivery, response:"} {"user":{"severity":"INFO","message":"Message sent to Firebase for delivery, response:"},"metadata":{"emulator":{"name":"functions"},"function":{"name":"us-central1-checkCarNotification"},"extension":{},"message":"\u001b[90m> \u001b[39m {\"severity\":\"INFO\",\"message\":\"Message sent to Firebase for delivery, response:\"}"}}
[info] >  {"severity":"INFO","message":"{\n  \"name\": \"projects/motortrack-97569/messages/01e29d6a-137b-4139-80bd-699e75167fca\"\n}\n"} {"user":{"severity":"INFO","message":"{\n  \"name\": \"projects/motortrack-97569/messages/01e29d6a-137b-4139-80bd-699e75167fca\"\n}\n"},"metadata":{"emulator":{"name":"functions"},"function":{"name":"us-central1-checkCarNotification"},"extension":{},"message":"\u001b[90m> \u001b[39m {\"severity\":\"INFO\",\"message\":\"{\\n  \\\"name\\\": \\\"projects/motortrack-97569/messages/01e29d6a-137b-4139-80bd-699e75167fca\\\"\\n}\\n\"}"}}
